#
# A fatal error has been detected by the Java Runtime Environment:
#
#  SIGSEGV (0xb) at pc=0x000000010f53337c, pid=2387, tid=18179
#
# JRE version: Java(TM) SE Runtime Environment (7.0_51-b13) (build 1.7.0_51-b13)
# Java VM: Java HotSpot(TM) 64-Bit Server VM (24.51-b03 mixed mode bsd-amd64 compressed oops)
# Problematic frame:
# V  [libjvm.dylib+0x33337c]  jvmti_IsMethodSynthetic+0xb9
#
# Failed to write core dump. Core dumps have been disabled. To enable core dumping, try "ulimit -c unlimited" before starting Java again
#
# If you would like to submit a bug report, please visit:
#   http://bugreport.sun.com/bugreport/crash.jsp
#

---------------  T H R E A D  ---------------

Current thread (0x00007fcd64003000):  JavaThread "JDWP Transport Listener: dt_socket" daemon [_thread_in_vm, id=18179, stack(0x000000011716f000,0x000000011726f000)]

siginfo:si_signo=SIGSEGV: si_errno=0, si_code=0 (SEGV0), si_addr=0x0000000000000000

Registers:
RAX=0x0000000000000001, RBX=0x000000011726ea8b, RCX=0x00000000000fc080, RDX=0x000000011726ea8b
RSP=0x000000011726e9f0, RBP=0x000000011726ea40, RSI=0x00007fcd64003000, RDI=0x00007fcd62501c90
R8 =0x00007fcd62702990, R9 =0x00007fcd627102f0, R10=0x00000000ed139014, R11=0x0000000083c5f1e0
R12=0x00007fcd64003000, R13=0x7565755174636172, R14=0x7565755174636172, R15=0x00007fcd62501c90
RIP=0x000000010f53337c, EFLAGS=0x0000000000010206, ERR=0x0000000000000000
  TRAPNO=0x000000000000000d

Top of Stack: (sp=0x000000011726e9f0)
0x000000011726e9f0:   00007fcd64003000 0000000000000000
0x000000011726ea00:   0000000000000000 0000000000000000
0x000000011726ea10:   00007fcd64003000 00007fcd64003000
0x000000011726ea20:   000000011726ea8b 000000011726ea90
0x000000011726ea30:   7565755174636172 0000000000000004
0x000000011726ea40:   000000011726ea60 000000010e98d1f8
0x000000011726ea50:   0000000000000001 000000011726eb08
0x000000011726ea60:   000000011726ead0 000000010e97202b
0x000000011726ea70:   000000011726eaa0 00007fcd6270d540
0x000000011726ea80:   0000000500000032 000000090026eb08
0x000000011726ea90:   0000000000000000 0000000000000000
0x000000011726eaa0:   0000000000000000 000000011726ec90
0x000000011726eab0:   000000010e994dc0 00007fcd6270d4d0
0x000000011726eac0:   000000011726eb08 000000010e9a0578
0x000000011726ead0:   000000011726eae0 000000010e972124
0x000000011726eae0:   000000011726ed00 000000010e97b6b2
0x000000011726eaf0:   0000065100000013 00000000000f0200
0x000000011726eb00:   00007fcd6270ff10 000000011726ec03
0x000000011726eb10:   00007fcd00000081 000000011726eb20
0x000000011726eb20:   00007fcd000000ab 000000011726eb58
0x000000011726eb30:   0000000000000000 00007f0000000000
0x000000011726eb40:   000006510000001c 00007fff0000fe80
0x000000011726eb50:   000000011726eb58 cd7f000005000000
0x000000011726eb60:   06000000d0386162 00003e74696e693c
0x000000011726eb70:   0000005629280300 7f00000100000000
0x000000011726eb80:   000000e8386162cd 4c6863726165730a
0x000000011726eb90:   2808000000746665 004929494949495b
0x000000011726eba0:   000a000000000000 00e0386162cd7f00
0x000000011726ebb0:   63726165730b0000 000065676e615268
0x000000011726ebc0:   5b2949495b280700 0000000000000049
0x000000011726ebd0:   386162cd7f000009 69616d04000000d8
0x000000011726ebe0:   4c5b28160000006e 6e616c2f6176616a 

Instructions: (pc=0x000000010f53337c)
0x000000010f53335c:   00 00 00 41 f6 87 68 01 00 00 10 75 07 b8 63 00
0x000000010f53336c:   00 00 eb 7a 4d 85 f6 75 07 b8 17 00 00 00 eb 6e
0x000000010f53337c:   4d 8b 36 48 b8 fe fe fe fe fe fe fe fe 49 39 c6
0x000000010f53338c:   74 e7 4d 85 f6 74 e2 48 8d 05 f6 f8 4c 00 80 38 

Register to memory mapping:

RAX=0x0000000000000001 is an unknown value
RBX=0x000000011726ea8b is pointing into the stack for thread: 0x00007fcd64003000
RCX=0x00000000000fc080 is an unknown value
RDX=0x000000011726ea8b is pointing into the stack for thread: 0x00007fcd64003000
RSP=0x000000011726e9f0 is pointing into the stack for thread: 0x00007fcd64003000
RBP=0x000000011726ea40 is pointing into the stack for thread: 0x00007fcd64003000
RSI=0x00007fcd64003000 is a thread
RDI=0x00007fcd62501c90 is an unknown value
R8 =0x00007fcd62702990 is an unknown value
R9 =0x00007fcd627102f0 is an unknown value
R10=0x00000000ed139014 is an unknown value
R11=0x0000000083c5f1e0 is an unknown value
R12=0x00007fcd64003000 is a thread
R13=0x7565755174636172 is an unknown value
R14=0x7565755174636172 is an unknown value
R15=0x00007fcd62501c90 is an unknown value


Stack: [0x000000011716f000,0x000000011726f000],  sp=0x000000011726e9f0,  free space=1022k
Native frames: (J=compiled Java code, j=interpreted, Vv=VM code, C=native code)
V  [libjvm.dylib+0x33337c]  jvmti_IsMethodSynthetic+0xb9
C  [libjdwp.dylib+0x201f8]  isMethodSynthetic+0x63
C  [libjdwp.dylib+0x502b]  methods1+0x10b
C  [libjdwp.dylib+0x5124]  methodsWithGeneric+0xe
C  [libjdwp.dylib+0xe6b2]  debugLoop_run+0x1ce
C  [libjdwp.dylib+0x1f132]  attachThread+0x4d
V  [libjvm.dylib+0x373f9e]  JvmtiAgentThread::call_start_function()+0x38
V  [libjvm.dylib+0x4efb57]  JavaThread::thread_main_inner()+0x9b
V  [libjvm.dylib+0x4f125f]  JavaThread::run()+0x1a3
V  [libjvm.dylib+0x41b1d6]  java_start(Thread*)+0x126
C  [libsystem_pthread.dylib+0x1899]  _pthread_body+0x8a
C  [libsystem_pthread.dylib+0x172a]  _pthread_struct_init+0x0
C  [libsystem_pthread.dylib+0x5fc9]  thread_start+0xd


---------------  P R O C E S S  ---------------

Java Threads: ( => current thread )
  0x00007fcd63012800 JavaThread "Service Thread" daemon [_thread_blocked, id=20739, stack(0x000000011767e000,0x000000011777e000)]
  0x00007fcd63824800 JavaThread "C2 CompilerThread1" daemon [_thread_blocked, id=20227, stack(0x000000011757b000,0x000000011767b000)]
  0x00007fcd63012000 JavaThread "C2 CompilerThread0" daemon [_thread_blocked, id=19715, stack(0x0000000117478000,0x0000000117578000)]
  0x00007fcd64001000 JavaThread "JDWP Command Reader" daemon [_thread_in_native, id=19203, stack(0x0000000117375000,0x0000000117475000)]
  0x00007fcd64000000 JavaThread "JDWP Event Helper Thread" daemon [_thread_blocked, id=18691, stack(0x0000000117272000,0x0000000117372000)]
=>0x00007fcd64003000 JavaThread "JDWP Transport Listener: dt_socket" daemon [_thread_in_vm, id=18179, stack(0x000000011716f000,0x000000011726f000)]
  0x00007fcd63824000 JavaThread "Signal Dispatcher" daemon [_thread_blocked, id=17667, stack(0x0000000117066000,0x0000000117166000)]
  0x00007fcd62848800 JavaThread "Finalizer" daemon [_thread_blocked, id=12547, stack(0x0000000116e15000,0x0000000116f15000)]
  0x00007fcd62846000 JavaThread "Reference Handler" daemon [_thread_blocked, id=12035, stack(0x0000000116d12000,0x0000000116e12000)]
  0x00007fcd63003000 JavaThread "main" [_thread_blocked, id=6403, stack(0x000000010e82d000,0x000000010e92d000)]

Other Threads:
  0x00007fcd62845800 VMThread [stack: 0x0000000116c0f000,0x0000000116d0f000] [id=11523]
  0x00007fcd63013800 WatcherThread [stack: 0x0000000117781000,0x0000000117881000] [id=21251]

VM state:not at safepoint (normal execution)

VM Mutex/Monitor currently owned by a thread: None

Heap
 PSYoungGen      total 19456K, used 1367K [0x00000007eaa80000, 0x00000007ec000000, 0x0000000800000000)
  eden space 16896K, 8% used [0x00000007eaa80000,0x00000007eabd5fd8,0x00000007ebb00000)
  from space 2560K, 0% used [0x00000007ebd80000,0x00000007ebd80000,0x00000007ec000000)
  to   space 2560K, 0% used [0x00000007ebb00000,0x00000007ebb00000,0x00000007ebd80000)
 ParOldGen       total 43520K, used 0K [0x00000007c0000000, 0x00000007c2a80000, 0x00000007eaa80000)
  object space 43520K, 0% used [0x00000007c0000000,0x00000007c0000000,0x00000007c2a80000)
 PSPermGen       total 21504K, used 2618K [0x00000007bae00000, 0x00000007bc300000, 0x00000007c0000000)
  object space 21504K, 12% used [0x00000007bae00000,0x00000007bb08ea48,0x00000007bc300000)

Card table byte_map: [0x0000000112d13000,0x0000000112f3d000] byte_map_base: 0x000000010ef3c000

Polling page: 0x000000010e96c000

Code Cache  [0x000000010fc53000, 0x000000010fec3000, 0x0000000112c53000)
 total_blobs=176 nmethods=3 adapters=136 free_code_cache=48766Kb largest_free_block=49919104

Compilation events (6 events):
Event: 0.157 Thread 0x00007fcd63012000    1             java.lang.String::indexOf (70 bytes)
Event: 0.164 Thread 0x00007fcd63012000 nmethod 1 0x000000010fcb1b10 code [0x000000010fcb1c60, 0x000000010fcb1e48]
Event: 0.164 Thread 0x00007fcd63824800    2             java.lang.String::hashCode (55 bytes)
Event: 0.167 Thread 0x00007fcd63824800 nmethod 2 0x000000010fcb1750 code [0x000000010fcb18a0, 0x000000010fcb1a38]
Event: 0.174 Thread 0x00007fcd63012000    3             sun.nio.cs.UTF_8$Encoder::encode (361 bytes)
Event: 0.187 Thread 0x00007fcd63012000 nmethod 3 0x000000010fcb4a50 code [0x000000010fcb4c00, 0x000000010fcb54f8]

GC Heap History (0 events):
No events

Deoptimization events (0 events):
No events

Internal exceptions (10 events):
Event: 0.178 Thread 0x00007fcd63003000 Threw 0x00000007eab87968 at /HUDSON/workspace/7u-2-build-macosx-x86_64/jdk7u51/527/hotspot/src/share/vm/prims/jni.cpp:717
Event: 0.178 Thread 0x00007fcd63003000 Threw 0x00000007eab87a88 at /HUDSON/workspace/7u-2-build-macosx-x86_64/jdk7u51/527/hotspot/src/share/vm/prims/jvm.cpp:1244
Event: 0.178 Thread 0x00007fcd63003000 Threw 0x00000007eab87bb0 at /HUDSON/workspace/7u-2-build-macosx-x86_64/jdk7u51/527/hotspot/src/share/vm/prims/jvm.cpp:1244
Event: 0.179 Thread 0x00007fcd63003000 Threw 0x00000007eab88870 at /HUDSON/workspace/7u-2-build-macosx-x86_64/jdk7u51/527/hotspot/src/share/vm/prims/jni.cpp:717
Event: 0.179 Thread 0x00007fcd63003000 Threw 0x00000007eab88990 at /HUDSON/workspace/7u-2-build-macosx-x86_64/jdk7u51/527/hotspot/src/share/vm/prims/jvm.cpp:1244
Event: 0.179 Thread 0x00007fcd63003000 Threw 0x00000007eab88ab8 at /HUDSON/workspace/7u-2-build-macosx-x86_64/jdk7u51/527/hotspot/src/share/vm/prims/jvm.cpp:1244
Event: 0.182 Thread 0x00007fcd63003000 Threw 0x00000007eab9b6b0 at /HUDSON/workspace/7u-2-build-macosx-x86_64/jdk7u51/527/hotspot/src/share/vm/prims/jni.cpp:717
Event: 0.182 Thread 0x00007fcd63003000 Threw 0x00000007eab9b7d0 at /HUDSON/workspace/7u-2-build-macosx-x86_64/jdk7u51/527/hotspot/src/share/vm/prims/jvm.cpp:1244
Event: 0.182 Thread 0x00007fcd63003000 Threw 0x00000007eab9b8f8 at /HUDSON/workspace/7u-2-build-macosx-x86_64/jdk7u51/527/hotspot/src/share/vm/prims/jvm.cpp:1244
Event: 0.183 Thread 0x00007fcd63003000 Threw 0x00000007eab9bb48 at /HUDSON/workspace/7u-2-build-macosx-x86_64/jdk7u51/527/hotspot/src/share/vm/prims/jvm.cpp:1244

Events (10 events):
Event: 0.186 loading class 0x00000001159a4bc0
Event: 0.186 loading class 0x00000001159a4bc0 done
Event: 0.189 Executing VM operation: ChangeBreakpoints
Event: 0.189 Executing VM operation: ChangeBreakpoints done
Event: 0.192 loading class 0x000000011598dae0
Event: 0.192 loading class 0x000000011598dae0 done
Event: 4.175 Executing VM operation: EnableBiasedLocking
Event: 4.175 Executing VM operation: EnableBiasedLocking done
Event: 26.929 Executing VM operation: RedefineClasses
Event: 26.929 Executing VM operation: RedefineClasses done


Dynamic libraries:
0x0000000001dde000 	/System/Library/Frameworks/Cocoa.framework/Versions/A/Cocoa
0x0000000001dde000 	/System/Library/Frameworks/Security.framework/Versions/A/Security
0x0000000001dde000 	/System/Library/Frameworks/ApplicationServices.framework/Versions/A/ApplicationServices
0x0000000001dde000 	/usr/lib/libz.1.dylib
0x0000000001dde000 	/usr/lib/libSystem.B.dylib
0x0000000001dde000 	/usr/lib/libobjc.A.dylib
0x0000000001dde000 	/System/Library/Frameworks/CoreFoundation.framework/Versions/A/CoreFoundation
0x0000000001dde000 	/System/Library/Frameworks/Foundation.framework/Versions/C/Foundation
0x0000000001dde000 	/System/Library/Frameworks/AppKit.framework/Versions/C/AppKit
0x0000000001dde000 	/System/Library/Frameworks/CoreData.framework/Versions/A/CoreData
0x0000000001dde000 	/System/Library/PrivateFrameworks/RemoteViewServices.framework/Versions/A/RemoteViewServices
0x0000000001dde000 	/System/Library/Frameworks/AudioToolbox.framework/Versions/A/AudioToolbox
0x0000000001dde000 	/System/Library/Frameworks/AudioUnit.framework/Versions/A/AudioUnit
0x0000000001dde000 	/System/Library/PrivateFrameworks/DataDetectorsCore.framework/Versions/A/DataDetectorsCore
0x0000000001dde000 	/System/Library/PrivateFrameworks/DesktopServicesPriv.framework/Versions/A/DesktopServicesPriv
0x0000000001dde000 	/System/Library/Frameworks/Carbon.framework/Versions/A/Frameworks/HIToolbox.framework/Versions/A/HIToolbox
0x0000000001dde000 	/System/Library/Frameworks/QuartzCore.framework/Versions/A/QuartzCore
0x0000000001dde000 	/System/Library/Frameworks/Carbon.framework/Versions/A/Frameworks/SpeechRecognition.framework/Versions/A/SpeechRecognition
0x0000000001dde000 	/usr/lib/libauto.dylib
0x0000000001dde000 	/usr/lib/libicucore.A.dylib
0x0000000001dde000 	/usr/lib/libxml2.2.dylib
0x0000000001dde000 	/System/Library/PrivateFrameworks/CoreUI.framework/Versions/A/CoreUI
0x0000000001dde000 	/System/Library/Frameworks/CoreAudio.framework/Versions/A/CoreAudio
0x0000000001dde000 	/System/Library/Frameworks/DiskArbitration.framework/Versions/A/DiskArbitration
0x0000000001dde000 	/usr/lib/liblangid.dylib
0x0000000001dde000 	/System/Library/PrivateFrameworks/MultitouchSupport.framework/Versions/A/MultitouchSupport
0x0000000001dde000 	/System/Library/Frameworks/IOKit.framework/Versions/A/IOKit
0x0000000001dde000 	/usr/lib/libDiagnosticMessagesClient.dylib
0x0000000001dde000 	/System/Library/Frameworks/CoreServices.framework/Versions/A/CoreServices
0x0000000001dde000 	/System/Library/PrivateFrameworks/PerformanceAnalysis.framework/Versions/A/PerformanceAnalysis
0x0000000001dde000 	/System/Library/PrivateFrameworks/GenerationalStorage.framework/Versions/A/GenerationalStorage
0x0000000001dde000 	/System/Library/Frameworks/OpenGL.framework/Versions/A/OpenGL
0x0000000001dde000 	/System/Library/PrivateFrameworks/Sharing.framework/Versions/A/Sharing
0x0000000001dde000 	/System/Library/Frameworks/ImageIO.framework/Versions/A/ImageIO
0x0000000001dde000 	/System/Library/Frameworks/CoreText.framework/Versions/A/CoreText
0x0000000001dde000 	/System/Library/Frameworks/CoreGraphics.framework/Versions/A/CoreGraphics
0x0000000001dde000 	/System/Library/PrivateFrameworks/Backup.framework/Versions/A/Backup
0x0000000001dde000 	/System/Library/Frameworks/CFNetwork.framework/Versions/A/CFNetwork
0x0000000001dde000 	/System/Library/Frameworks/SystemConfiguration.framework/Versions/A/SystemConfiguration
0x0000000001dde000 	/usr/lib/libCRFSuite.dylib
0x0000000001dde000 	/usr/lib/libc++.1.dylib
0x0000000001dde000 	/usr/lib/libc++abi.dylib
0x0000000001dde000 	/usr/lib/system/libcache.dylib
0x0000000001dde000 	/usr/lib/system/libcommonCrypto.dylib
0x0000000001dde000 	/usr/lib/system/libcompiler_rt.dylib
0x0000000001dde000 	/usr/lib/system/libcopyfile.dylib
0x0000000001dde000 	/usr/lib/system/libcorecrypto.dylib
0x0000000001dde000 	/usr/lib/system/libdispatch.dylib
0x0000000001dde000 	/usr/lib/system/libdyld.dylib
0x0000000001dde000 	/usr/lib/system/libkeymgr.dylib
0x0000000001dde000 	/usr/lib/system/liblaunch.dylib
0x0000000001dde000 	/usr/lib/system/libmacho.dylib
0x0000000001dde000 	/usr/lib/system/libquarantine.dylib
0x0000000001dde000 	/usr/lib/system/libremovefile.dylib
0x0000000001dde000 	/usr/lib/system/libsystem_asl.dylib
0x0000000001dde000 	/usr/lib/system/libsystem_blocks.dylib
0x0000000001dde000 	/usr/lib/system/libsystem_c.dylib
0x0000000001dde000 	/usr/lib/system/libsystem_configuration.dylib
0x0000000001dde000 	/usr/lib/system/libsystem_dnssd.dylib
0x0000000001dde000 	/usr/lib/system/libsystem_info.dylib
0x0000000001dde000 	/usr/lib/system/libsystem_kernel.dylib
0x0000000001dde000 	/usr/lib/system/libsystem_m.dylib
0x0000000001dde000 	/usr/lib/system/libsystem_malloc.dylib
0x0000000001dde000 	/usr/lib/system/libsystem_network.dylib
0x0000000001dde000 	/usr/lib/system/libsystem_notify.dylib
0x0000000001dde000 	/usr/lib/system/libsystem_platform.dylib
0x0000000001dde000 	/usr/lib/system/libsystem_pthread.dylib
0x0000000001dde000 	/usr/lib/system/libsystem_sandbox.dylib
0x0000000001dde000 	/usr/lib/system/libsystem_stats.dylib
0x0000000001dde000 	/usr/lib/system/libunc.dylib
0x0000000001dde000 	/usr/lib/system/libunwind.dylib
0x0000000001dde000 	/usr/lib/system/libxpc.dylib
0x0000000001dde000 	/usr/lib/libbsm.0.dylib
0x0000000001dde000 	/usr/lib/libsqlite3.dylib
0x0000000001dde000 	/usr/lib/libxar.1.dylib
0x0000000001dde000 	/usr/lib/libpam.2.dylib
0x0000000001dde000 	/usr/lib/libOpenScriptingUtil.dylib
0x0000000001dde000 	/usr/lib/libbz2.1.0.dylib
0x0000000001dde000 	/System/Library/Frameworks/CoreServices.framework/Versions/A/Frameworks/CarbonCore.framework/Versions/A/CarbonCore
0x0000000001dde000 	/System/Library/Frameworks/CoreServices.framework/Versions/A/Frameworks/Metadata.framework/Versions/A/Metadata
0x0000000001dde000 	/System/Library/Frameworks/CoreServices.framework/Versions/A/Frameworks/OSServices.framework/Versions/A/OSServices
0x0000000001dde000 	/System/Library/Frameworks/CoreServices.framework/Versions/A/Frameworks/SearchKit.framework/Versions/A/SearchKit
0x0000000001dde000 	/System/Library/Frameworks/CoreServices.framework/Versions/A/Frameworks/AE.framework/Versions/A/AE
0x0000000001dde000 	/System/Library/Frameworks/CoreServices.framework/Versions/A/Frameworks/LaunchServices.framework/Versions/A/LaunchServices
0x0000000001dde000 	/System/Library/Frameworks/CoreServices.framework/Versions/A/Frameworks/DictionaryServices.framework/Versions/A/DictionaryServices
0x0000000001dde000 	/System/Library/Frameworks/NetFS.framework/Versions/A/NetFS
0x0000000001dde000 	/usr/lib/system/libkxld.dylib
0x0000000001dde000 	/System/Library/PrivateFrameworks/NetAuth.framework/Versions/A/NetAuth
0x0000000001dde000 	/System/Library/PrivateFrameworks/TCC.framework/Versions/A/TCC
0x0000000001dde000 	/System/Library/Frameworks/OpenDirectory.framework/Versions/A/Frameworks/CFOpenDirectory.framework/Versions/A/CFOpenDirectory
0x0000000001dde000 	/System/Library/Frameworks/ServiceManagement.framework/Versions/A/ServiceManagement
0x0000000001dde000 	/usr/lib/libxslt.1.dylib
0x0000000001dde000 	/System/Library/Frameworks/Carbon.framework/Versions/A/Frameworks/Ink.framework/Versions/A/Ink
0x0000000001dde000 	/System/Library/Frameworks/ApplicationServices.framework/Versions/A/Frameworks/ATS.framework/Versions/A/ATS
0x0000000001dde000 	/System/Library/Frameworks/ApplicationServices.framework/Versions/A/Frameworks/ColorSync.framework/Versions/A/ColorSync
0x0000000001dde000 	/System/Library/Frameworks/ApplicationServices.framework/Versions/A/Frameworks/HIServices.framework/Versions/A/HIServices
0x0000000001dde000 	/System/Library/Frameworks/ApplicationServices.framework/Versions/A/Frameworks/LangAnalysis.framework/Versions/A/LangAnalysis
0x0000000001dde000 	/System/Library/Frameworks/ApplicationServices.framework/Versions/A/Frameworks/PrintCore.framework/Versions/A/PrintCore
0x0000000001dde000 	/System/Library/Frameworks/ApplicationServices.framework/Versions/A/Frameworks/QD.framework/Versions/A/QD
0x0000000001dde000 	/System/Library/Frameworks/ApplicationServices.framework/Versions/A/Frameworks/SpeechSynthesis.framework/Versions/A/SpeechSynthesis
0x0000000001dde000 	/System/Library/Frameworks/IOSurface.framework/Versions/A/IOSurface
0x0000000001dde000 	/System/Library/Frameworks/Accelerate.framework/Versions/A/Accelerate
0x0000000001dde000 	/System/Library/Frameworks/Accelerate.framework/Versions/A/Frameworks/vImage.framework/Versions/A/vImage
0x0000000001dde000 	/System/Library/Frameworks/Accelerate.framework/Versions/A/Frameworks/vecLib.framework/Versions/A/vecLib
0x0000000001dde000 	/System/Library/Frameworks/Accelerate.framework/Versions/A/Frameworks/vecLib.framework/Versions/A/libvDSP.dylib
0x0000000001dde000 	/System/Library/Frameworks/Accelerate.framework/Versions/A/Frameworks/vecLib.framework/Versions/A/libvMisc.dylib
0x0000000001dde000 	/System/Library/Frameworks/Accelerate.framework/Versions/A/Frameworks/vecLib.framework/Versions/A/libLAPACK.dylib
0x0000000001dde000 	/System/Library/Frameworks/Accelerate.framework/Versions/A/Frameworks/vecLib.framework/Versions/A/libBLAS.dylib
0x0000000001dde000 	/System/Library/Frameworks/ApplicationServices.framework/Versions/A/Frameworks/ATS.framework/Versions/A/Resources/libFontParser.dylib
0x0000000001dde000 	/System/Library/Frameworks/ApplicationServices.framework/Versions/A/Frameworks/ATS.framework/Versions/A/Resources/libFontRegistry.dylib
0x0000000001dde000 	/System/Library/Frameworks/ImageIO.framework/Versions/A/Resources/libJPEG.dylib
0x0000000001dde000 	/System/Library/Frameworks/ImageIO.framework/Versions/A/Resources/libTIFF.dylib
0x0000000001dde000 	/System/Library/Frameworks/ImageIO.framework/Versions/A/Resources/libPng.dylib
0x0000000001dde000 	/System/Library/Frameworks/ImageIO.framework/Versions/A/Resources/libGIF.dylib
0x0000000001dde000 	/System/Library/Frameworks/ImageIO.framework/Versions/A/Resources/libJP2.dylib
0x0000000001dde000 	/System/Library/Frameworks/ImageIO.framework/Versions/A/Resources/libRadiance.dylib
0x0000000001dde000 	/usr/lib/libcups.2.dylib
0x0000000001dde000 	/System/Library/Frameworks/Kerberos.framework/Versions/A/Kerberos
0x0000000001dde000 	/System/Library/Frameworks/GSS.framework/Versions/A/GSS
0x0000000001dde000 	/usr/lib/libresolv.9.dylib
0x0000000001dde000 	/usr/lib/libiconv.2.dylib
0x0000000001dde000 	/System/Library/PrivateFrameworks/Heimdal.framework/Versions/A/Heimdal
0x0000000001dde000 	/System/Library/PrivateFrameworks/TrustEvaluationAgent.framework/Versions/A/TrustEvaluationAgent
0x0000000001dde000 	/usr/lib/libheimdal-asn1.dylib
0x0000000001dde000 	/System/Library/Frameworks/OpenDirectory.framework/Versions/A/OpenDirectory
0x0000000001dde000 	/System/Library/PrivateFrameworks/CommonAuth.framework/Versions/A/CommonAuth
0x0000000001dde000 	/System/Library/Frameworks/SecurityFoundation.framework/Versions/A/SecurityFoundation
0x0000000001dde000 	/System/Library/PrivateFrameworks/Bom.framework/Versions/A/Bom
0x0000000001dde000 	/System/Library/Frameworks/CoreVideo.framework/Versions/A/CoreVideo
0x0000000001dde000 	/System/Library/Frameworks/QuartzCore.framework/Versions/A/Frameworks/CoreImage.framework/Versions/A/CoreImage
0x0000000001dde000 	/System/Library/Frameworks/QuartzCore.framework/Versions/A/Frameworks/ScalableUserInterface.framework/Versions/A/ScalableUserInterface
0x0000000001dde000 	/System/Library/Frameworks/OpenGL.framework/Versions/A/Libraries/libGLU.dylib
0x0000000001dde000 	/System/Library/Frameworks/OpenGL.framework/Versions/A/Libraries/libGFXShared.dylib
0x0000000001dde000 	/System/Library/Frameworks/OpenGL.framework/Versions/A/Libraries/libGL.dylib
0x0000000001dde000 	/System/Library/Frameworks/OpenGL.framework/Versions/A/Libraries/libGLImage.dylib
0x0000000001dde000 	/System/Library/Frameworks/OpenGL.framework/Versions/A/Libraries/libCVMSPluginSupport.dylib
0x0000000001dde000 	/System/Library/Frameworks/OpenGL.framework/Versions/A/Libraries/libCoreVMClient.dylib
0x0000000001dde000 	/System/Library/PrivateFrameworks/FaceCore.framework/Versions/A/FaceCore
0x0000000001dde000 	/System/Library/PrivateFrameworks/CrashReporterSupport.framework/Versions/A/CrashReporterSupport
0x0000000001dde000 	/System/Library/Frameworks/OpenCL.framework/Versions/A/OpenCL
0x0000000001dde000 	/System/Library/PrivateFrameworks/AppleFSCompression.framework/Versions/A/AppleFSCompression
0x0000000001dde000 	/System/Library/PrivateFrameworks/Ubiquity.framework/Versions/A/Ubiquity
0x0000000001dde000 	/System/Library/PrivateFrameworks/IconServices.framework/Versions/A/IconServices
0x0000000001dde000 	/System/Library/PrivateFrameworks/ChunkingLibrary.framework/Versions/A/ChunkingLibrary
0x0000000001dde000 	/System/Library/PrivateFrameworks/CoreSymbolication.framework/Versions/A/CoreSymbolication
0x0000000001dde000 	/System/Library/PrivateFrameworks/Symbolication.framework/Versions/A/Symbolication
0x0000000001dde000 	/System/Library/PrivateFrameworks/DebugSymbols.framework/Versions/A/DebugSymbols
0x000000010f200000 	/Library/Java/JavaVirtualMachines/jdk1.7.0_51.jdk/Contents/Home/jre/lib/server/libjvm.dylib
0x0000000001dde000 	/usr/lib/libstdc++.6.dylib
0x000000010e92f000 	/Library/Java/JavaVirtualMachines/jdk1.7.0_51.jdk/Contents/Home/jre/lib/libverify.dylib
0x000000010e93c000 	/Library/Java/JavaVirtualMachines/jdk1.7.0_51.jdk/Contents/Home/jre/lib/libjava.dylib
0x000000010e96d000 	/Library/Java/JavaVirtualMachines/jdk1.7.0_51.jdk/Contents/Home/jre/lib/libjdwp.dylib
0x000000010e9aa000 	/Library/Java/JavaVirtualMachines/jdk1.7.0_51.jdk/Contents/Home/jre/lib/libnpt.dylib
0x000000010e9b7000 	/Library/Java/JavaVirtualMachines/jdk1.7.0_51.jdk/Contents/Home/jre/lib/libzip.dylib
0x0000000116f17000 	/System/Library/Frameworks/JavaVM.framework/Frameworks/JavaRuntimeSupport.framework/JavaRuntimeSupport
0x0000000116f2f000 	/System/Library/Frameworks/JavaVM.framework/Versions/A/Frameworks/JavaNativeFoundation.framework/Versions/A/JavaNativeFoundation
0x0000000116f44000 	/System/Library/Frameworks/JavaVM.framework/Versions/A/JavaVM
0x0000000001dde000 	/System/Library/Frameworks/Carbon.framework/Versions/A/Carbon
0x0000000116f51000 	/System/Library/PrivateFrameworks/JavaLaunching.framework/Versions/A/JavaLaunching
0x0000000001dde000 	/System/Library/Frameworks/Carbon.framework/Versions/A/Frameworks/CommonPanels.framework/Versions/A/CommonPanels
0x0000000001dde000 	/System/Library/Frameworks/Carbon.framework/Versions/A/Frameworks/Help.framework/Versions/A/Help
0x0000000001dde000 	/System/Library/Frameworks/Carbon.framework/Versions/A/Frameworks/ImageCapture.framework/Versions/A/ImageCapture
0x0000000001dde000 	/System/Library/Frameworks/Carbon.framework/Versions/A/Frameworks/OpenScripting.framework/Versions/A/OpenScripting
0x0000000001dde000 	/System/Library/Frameworks/Carbon.framework/Versions/A/Frameworks/Print.framework/Versions/A/Print
0x0000000001dde000 	/System/Library/Frameworks/Carbon.framework/Versions/A/Frameworks/SecurityHI.framework/Versions/A/SecurityHI
0x0000000117168000 	/Library/Java/JavaVirtualMachines/jdk1.7.0_51.jdk/Contents/Home/jre/lib/libdt_socket.dylib

VM Arguments:
jvm_args: -agentlib:jdwp=transport=dt_socket,suspend=y,address=localhost:53538 -Dfile.encoding=US-ASCII 
java_command: leet.SearchRangeOfValueInArray
Launcher Type: SUN_STANDARD

Environment Variables:
PATH=/usr/bin:/bin:/usr/sbin:/sbin
SHELL=/bin/bash
DISPLAY=/tmp/launch-67FPmI/org.macosforge.xquartz:0

Signal Handlers:
SIGSEGV: [libjvm.dylib+0x525425], sa_mask[0]=0xfffefeff, sa_flags=0x00000043
SIGBUS: [libjvm.dylib+0x525425], sa_mask[0]=0xfffefeff, sa_flags=0x00000042
SIGFPE: [libjvm.dylib+0x41892a], sa_mask[0]=0xfffefeff, sa_flags=0x00000042
SIGPIPE: [libjvm.dylib+0x41892a], sa_mask[0]=0xfffefeff, sa_flags=0x00000042
SIGXFSZ: [libjvm.dylib+0x41892a], sa_mask[0]=0xfffefeff, sa_flags=0x00000042
SIGILL: [libjvm.dylib+0x41892a], sa_mask[0]=0xfffefeff, sa_flags=0x00000042
SIGUSR1: SIG_DFL, sa_mask[0]=0x00000000, sa_flags=0x00000002
SIGUSR2: [libjvm.dylib+0x41841c], sa_mask[0]=0x00000004, sa_flags=0x00000042
SIGHUP: [libjvm.dylib+0x4166ab], sa_mask[0]=0xfffefeff, sa_flags=0x00000042
SIGINT: [libjvm.dylib+0x4166ab], sa_mask[0]=0xfffefeff, sa_flags=0x00000042
SIGTERM: [libjvm.dylib+0x4166ab], sa_mask[0]=0xfffefeff, sa_flags=0x00000042
SIGQUIT: [libjvm.dylib+0x4166ab], sa_mask[0]=0xfffefeff, sa_flags=0x00000042


---------------  S Y S T E M  ---------------

OS:Bsduname:Darwin 13.1.0 Darwin Kernel Version 13.1.0: Wed Apr  2 23:52:02 PDT 2014; root:xnu-2422.92.1~2/RELEASE_X86_64 x86_64
rlimit: STACK 8192k, CORE 0k, NPROC 709, NOFILE 10240, AS infinity
load average:1.47 1.40 1.35

CPU:total 4 (2 cores per cpu, 2 threads per core) family 6 model 58 stepping 9, cmov, cx8, fxsr, mmx, sse, sse2, sse3, ssse3, sse4.1, sse4.2, popcnt, avx, aes, erms, ht, tsc, tscinvbit, tscinv

Memory: 4k page, physical 4194304k(1048576k free)

/proc/meminfo:


vm_info: Java HotSpot(TM) 64-Bit Server VM (24.51-b03) for bsd-amd64 JRE (1.7.0_51-b13), built on Dec 18 2013 18:45:56 by "java_re" with gcc 4.2.1 (Based on Apple Inc. build 5658) (LLVM build 2336.11.00)

time: Tue Oct 28 11:55:39 2014
elapsed time: 26 seconds

